<?xml version="1.0" encoding="UTF-8"?>
<!-- Generated by org.testng.reporters.JUnitXMLReporter -->
<testsuite ignored="0" hostname="DESKTOP-GURU-NATIKAR" failures="0" tests="1" name="Test-Runner-2" time="0.172" errors="0" timestamp="2025-03-05T15:57:50 IST">
  <testcase classname="GenericUilities.BaseClass" name="@BeforeTest bcConfig" time="-1.741170470027E9">
    <failure type="org.testng.TestNGException" message="
Parameter &amp;apos;browser&amp;apos; is required by BeforeTest on method bcConfig but has not been marked @Optional or defined
in C:\Users\hp\eclipse-workspace\AutomationFramework.QCO-SOEAJD-A10\testng _Distributed_parallel_exe.xml">
      <![CDATA[org.testng.TestNGException: 
Parameter 'browser' is required by BeforeTest on method bcConfig but has not been marked @Optional or defined
in C:\Users\hp\eclipse-workspace\AutomationFramework.QCO-SOEAJD-A10\testng _Distributed_parallel_exe.xml
at java.base/java.util.concurrent.FutureTask.run(FutureTask.java:317)
at java.base/java.util.concurrent.ThreadPoolExecutor.runWorker(ThreadPoolExecutor.java:1144)
at java.base/java.util.concurrent.ThreadPoolExecutor$Worker.run(ThreadPoolExecutor.java:642)
at java.base/java.lang.Thread.run(Thread.java:1575)
... Removed 12 stack frames]]>
    </failure>
  </testcase> <!-- @BeforeTest bcConfig -->
  <testcase classname="GenericUilities.BaseClass" name="@BeforeMethod bMConfig" time="0.06">
    <failure type="java.lang.NullPointerException" message="Cannot invoke &amp;quot;org.openqa.selenium.SearchContext.findElement(org.openqa.selenium.By)&amp;quot; because &amp;quot;this.searchContext&amp;quot; is null">
      <![CDATA[java.lang.NullPointerException: Cannot invoke "org.openqa.selenium.SearchContext.findElement(org.openqa.selenium.By)" because "this.searchContext" is null
at org.openqa.selenium.support.pagefactory.DefaultElementLocator.findElement(DefaultElementLocator.java:68)
at org.openqa.selenium.support.pagefactory.internal.LocatingElementHandler.invoke(LocatingElementHandler.java:38)
at jdk.proxy2/jdk.proxy2.$Proxy17.sendKeys(Unknown Source)
at ObjectRepository.LoginPage.LoginApp(LoginPage.java:45)
at GenericUilities.BaseClass.bMConfig(BaseClass.java:69)
at java.base/java.util.ArrayList.forEach(ArrayList.java:1597)
at java.base/java.util.concurrent.FutureTask.run(FutureTask.java:317)
at java.base/java.util.concurrent.ThreadPoolExecutor.runWorker(ThreadPoolExecutor.java:1144)
at java.base/java.util.concurrent.ThreadPoolExecutor$Worker.run(ThreadPoolExecutor.java:642)
at java.base/java.lang.Thread.run(Thread.java:1575)
... Removed 20 stack frames]]>
    </failure>
  </testcase> <!-- @BeforeMethod bMConfig -->
  <testcase classname="GenericUilities.BaseClass" name="@AfterMethod aMConfig" time="0.017">
    <failure type="java.lang.NullPointerException" message="Cannot invoke &amp;quot;org.openqa.selenium.SearchContext.findElement(org.openqa.selenium.By)&amp;quot; because &amp;quot;this.searchContext&amp;quot; is null">
      <![CDATA[java.lang.NullPointerException: Cannot invoke "org.openqa.selenium.SearchContext.findElement(org.openqa.selenium.By)" because "this.searchContext" is null
at org.openqa.selenium.support.pagefactory.DefaultElementLocator.findElement(DefaultElementLocator.java:68)
at org.openqa.selenium.support.pagefactory.internal.LocatingElementHandler.invoke(LocatingElementHandler.java:38)
at jdk.proxy2/jdk.proxy2.$Proxy17.click(Unknown Source)
at ObjectRepository.Inventorypage.logoutofApp(Inventorypage.java:77)
at GenericUilities.BaseClass.aMConfig(BaseClass.java:77)
at java.base/java.util.ArrayList.forEach(ArrayList.java:1597)
at java.base/java.util.concurrent.FutureTask.run(FutureTask.java:317)
at java.base/java.util.concurrent.ThreadPoolExecutor.runWorker(ThreadPoolExecutor.java:1144)
at java.base/java.util.concurrent.ThreadPoolExecutor$Worker.run(ThreadPoolExecutor.java:642)
at java.base/java.lang.Thread.run(Thread.java:1575)
... Removed 21 stack frames]]>
    </failure>
  </testcase> <!-- @AfterMethod aMConfig -->
  <testcase classname="GenericUilities.BaseClass" name="@AfterTest aCConfig" time="-1.741170470191E9">
    <skipped/>
  </testcase> <!-- @AfterTest aCConfig -->
  <testcase classname="InventoryTest.AddlowestPriceTocart" name="tc_002_addlowestPriceProductTocart" time="0.0">
    <skipped/>
  </testcase> <!-- tc_002_addlowestPriceProductTocart -->
</testsuite> <!-- Test-Runner-2 -->
