<?xml version="1.0" encoding="UTF-8"?>
<!-- Generated by org.testng.reporters.JUnitXMLReporter -->
<testsuite ignored="2" hostname="DESKTOP-GURU-NATIKAR" failures="1" tests="2" name="Test" time="11.886" errors="0" timestamp="2025-03-10T02:32:32 IST">
  <testcase classname="InventoryTest.AddPrpoductTocartTest" name="tc_001_addproductToCart" time="1.367">
    <failure type="java.lang.AssertionError" message="null">
      <![CDATA[java.lang.AssertionError: null
at InventoryTest.AddPrpoductTocartTest.tc_001_addproductToCart(AddPrpoductTocartTest.java:58)
at java.base/java.util.ArrayList.forEach(ArrayList.java:1597)
... Removed 27 stack frames]]>
    </failure>
  </testcase> <!-- tc_001_addproductToCart -->
  <testcase classname="InventoryTest.AddlowestPriceTocart" name="tc_002_addlowestPriceProductTocart" time="0.444"/>
  <testcase classname="GenericUilities.BaseClass" name="@BeforeSuite bSConfig" time="0.0">
    <ignored/>
  </testcase> <!-- @BeforeSuite bSConfig -->
  <testcase classname="GenericUilities.BaseClass" name="@AfterSuite aSConfig" time="0.0">
    <ignored/>
  </testcase> <!-- @AfterSuite aSConfig -->
</testsuite> <!-- Test -->
